<?xml version="1.0" encoding="UTF-8"?>
<!-- Generated by org.testng.reporters.JUnitReportReporter -->
<testsuite hostname="SoumyaPC" failures="0" tests="1" name="com.OrangeHRM.utility.excelDataProvider" time="0.000" errors="0" timestamp="02 Jan 2022 10:41:55 GMT" skipped="1">
  <testcase classname="com.OrangeHRM.utility.excelDataProvider" name="fUserRegTest" time="0.000">
    <skipped/>
  </testcase> <!-- fUserRegTest -->
</testsuite> <!-- com.OrangeHRM.utility.excelDataProvider -->
