<?xml version="1.0" encoding="UTF-8"?>
<!-- Generated by org.testng.reporters.JUnitReportReporter -->
<testsuite hostname="SoumyaPC" failures="0" tests="1" name="com.OrangeHRM.testCases.TC_001" time="3.190" errors="0" timestamp="04 Jan 2022 19:34:45 GMT" skipped="0">
  <testcase classname="com.OrangeHRM.testCases.TC_001" name="login" time="3.190"/>
</testsuite> <!-- com.OrangeHRM.testCases.TC_001 -->
